<?xml version="1.0" encoding="UTF-8"?>
<testng-results ignored="0" total="1" passed="0" failed="0" skipped="1">
  <reporter-output>
  </reporter-output>
  <suite started-at="2024-05-24T10:09:50Z" name="Default suite" finished-at="2024-05-24T10:09:50Z" duration-ms="21">
    <groups>
    </groups>
    <test started-at="2024-05-24T10:09:50Z" name="Default test" finished-at="2024-05-24T10:09:50Z" duration-ms="21">
      <class name="orangehrm.testcases.OrangeHRM_HybridTest">
        <test-method is-config="true" signature="launchApp()[pri:0, instance:orangehrm.testcases.OrangeHRM_HybridTest@1349883]" started-at="2024-05-24T10:09:47Z" name="launchApp" finished-at="2024-05-24T10:09:50Z" duration-ms="3116" status="FAIL">
          <exception class="org.openqa.selenium.SessionNotCreatedException">
            <message>
              <![CDATA[session not created: This version of ChromeDriver only supports Chrome version 121
Current browser version is 125.0.6422.76 with binary path C:\Program Files\Google\Chrome\Application\chrome.exe
Build info: version: '3.141.59', revision: 'e82be7d358', time: '2018-11-14T08:25:53'
System info: host: 'THIMMU', ip: '192.168.29.65', os.name: 'Windows 11', os.arch: 'amd64', os.version: '10.0', java.version: '18.0.1.1'
Driver info: driver.version: ChromeDriver
remote stacktrace: GetHandleVerifier [0x00AC1673+52979]
(No symbol) [0x00A47961]
(No symbol) [0x0092DD3D]
(No symbol) [0x00959981]
(No symbol) [0x00958ED4]
(No symbol) [0x00954794]
(No symbol) [0x009512F9]
(No symbol) [0x0098D2B1]
(No symbol) [0x0098CE5A]
(No symbol) [0x00984286]
(No symbol) [0x0095C063]
(No symbol) [0x0095CECD]
GetHandleVerifier [0x00DD8D83+3294723]
GetHandleVerifier [0x00E16CC2+3548482]
GetHandleVerifier [0x00E11C9C+3527964]
GetHandleVerifier [0x00B5870E+671630]
(No symbol) [0x00A51EB4]
(No symbol) [0x00A4D808]
(No symbol) [0x00A4D92D]
(No symbol) [0x00A3F7E0]
BaseThreadInitThunk [0x75F27BA9+25]
RtlInitializeExceptionChain [0x7712BE3B+107]
RtlClearBits [0x7712BDBF+191]
]]>
            </message>
            <full-stacktrace>
              <![CDATA[org.openqa.selenium.SessionNotCreatedException: session not created: This version of ChromeDriver only supports Chrome version 121
Current browser version is 125.0.6422.76 with binary path C:\Program Files\Google\Chrome\Application\chrome.exe
Build info: version: '3.141.59', revision: 'e82be7d358', time: '2018-11-14T08:25:53'
System info: host: 'THIMMU', ip: '192.168.29.65', os.name: 'Windows 11', os.arch: 'amd64', os.version: '10.0', java.version: '18.0.1.1'
Driver info: driver.version: ChromeDriver
remote stacktrace: GetHandleVerifier [0x00AC1673+52979]
(No symbol) [0x00A47961]
(No symbol) [0x0092DD3D]
(No symbol) [0x00959981]
(No symbol) [0x00958ED4]
(No symbol) [0x00954794]
(No symbol) [0x009512F9]
(No symbol) [0x0098D2B1]
(No symbol) [0x0098CE5A]
(No symbol) [0x00984286]
(No symbol) [0x0095C063]
(No symbol) [0x0095CECD]
GetHandleVerifier [0x00DD8D83+3294723]
GetHandleVerifier [0x00E16CC2+3548482]
GetHandleVerifier [0x00E11C9C+3527964]
GetHandleVerifier [0x00B5870E+671630]
(No symbol) [0x00A51EB4]
(No symbol) [0x00A4D808]
(No symbol) [0x00A4D92D]
(No symbol) [0x00A3F7E0]
BaseThreadInitThunk [0x75F27BA9+25]
RtlInitializeExceptionChain [0x7712BE3B+107]
RtlClearBits [0x7712BDBF+191]

at java.base/jdk.internal.reflect.DirectConstructorHandleAccessor.newInstance(DirectConstructorHandleAccessor.java:67)
at java.base/java.lang.reflect.Constructor.newInstanceWithCaller(Constructor.java:499)
at java.base/java.lang.reflect.Constructor.newInstance(Constructor.java:483)
at org.openqa.selenium.remote.W3CHandshakeResponse.lambda$errorHandler$0(W3CHandshakeResponse.java:62)
at org.openqa.selenium.remote.HandshakeResponse.lambda$getResponseFunction$0(HandshakeResponse.java:30)
at org.openqa.selenium.remote.ProtocolHandshake.lambda$createSession$0(ProtocolHandshake.java:126)
at java.base/java.util.stream.ReferencePipeline$3$1.accept(ReferencePipeline.java:197)
at java.base/java.util.Spliterators$ArraySpliterator.tryAdvance(Spliterators.java:1002)
at java.base/java.util.stream.ReferencePipeline.forEachWithCancel(ReferencePipeline.java:129)
at java.base/java.util.stream.AbstractPipeline.copyIntoWithCancel(AbstractPipeline.java:527)
at java.base/java.util.stream.AbstractPipeline.copyInto(AbstractPipeline.java:513)
at java.base/java.util.stream.AbstractPipeline.wrapAndCopyInto(AbstractPipeline.java:499)
at java.base/java.util.stream.FindOps$FindOp.evaluateSequential(FindOps.java:150)
at java.base/java.util.stream.AbstractPipeline.evaluate(AbstractPipeline.java:234)
at java.base/java.util.stream.ReferencePipeline.findFirst(ReferencePipeline.java:647)
at org.openqa.selenium.remote.ProtocolHandshake.createSession(ProtocolHandshake.java:128)
at org.openqa.selenium.remote.ProtocolHandshake.createSession(ProtocolHandshake.java:74)
at org.openqa.selenium.remote.HttpCommandExecutor.execute(HttpCommandExecutor.java:136)
at org.openqa.selenium.remote.service.DriverCommandExecutor.execute(DriverCommandExecutor.java:83)
at org.openqa.selenium.remote.RemoteWebDriver.execute(RemoteWebDriver.java:552)
at org.openqa.selenium.remote.RemoteWebDriver.startSession(RemoteWebDriver.java:213)
at org.openqa.selenium.remote.RemoteWebDriver.<init>(RemoteWebDriver.java:131)
at org.openqa.selenium.chrome.ChromeDriver.<init>(ChromeDriver.java:181)
at org.openqa.selenium.chrome.ChromeDriver.<init>(ChromeDriver.java:168)
at org.openqa.selenium.chrome.ChromeDriver.<init>(ChromeDriver.java:123)
at utils.AppUtils.launchApp(AppUtils.java:20)
at java.base/jdk.internal.reflect.DirectMethodHandleAccessor.invoke(DirectMethodHandleAccessor.java:104)
at java.base/java.lang.reflect.Method.invoke(Method.java:577)
at org.testng.internal.MethodInvocationHelper.invokeMethod(MethodInvocationHelper.java:124)
at org.testng.internal.MethodInvocationHelper.invokeMethodConsideringTimeout(MethodInvocationHelper.java:59)
at org.testng.internal.Invoker.invokeConfigurationMethod(Invoker.java:458)
at org.testng.internal.Invoker.invokeConfigurations(Invoker.java:222)
at org.testng.internal.Invoker.invokeConfigurations(Invoker.java:142)
at org.testng.SuiteRunner.privateRun(SuiteRunner.java:401)
at org.testng.SuiteRunner.run(SuiteRunner.java:364)
at org.testng.SuiteRunnerWorker.runSuite(SuiteRunnerWorker.java:52)
at org.testng.SuiteRunnerWorker.run(SuiteRunnerWorker.java:84)
at org.testng.TestNG.runSuitesSequentially(TestNG.java:1208)
at org.testng.TestNG.runSuitesLocally(TestNG.java:1137)
at org.testng.TestNG.runSuites(TestNG.java:1049)
at org.testng.TestNG.run(TestNG.java:1017)
at org.testng.remote.AbstractRemoteTestNG.run(AbstractRemoteTestNG.java:115)
at org.testng.remote.RemoteTestNG.initAndRun(RemoteTestNG.java:251)
at org.testng.remote.RemoteTestNG.main(RemoteTestNG.java:77)
]]>
            </full-stacktrace>
          </exception> <!-- org.openqa.selenium.SessionNotCreatedException -->
          <reporter-output>
          </reporter-output>
        </test-method> <!-- launchApp -->
        <test-method signature="CheckOrangeHRM()[pri:0, instance:orangehrm.testcases.OrangeHRM_HybridTest@1349883]" started-at="2024-05-24T10:09:50Z" name="CheckOrangeHRM" finished-at="2024-05-24T10:09:50Z" duration-ms="0" status="SKIP">
          <exception class="org.openqa.selenium.SessionNotCreatedException">
            <message>
              <![CDATA[session not created: This version of ChromeDriver only supports Chrome version 121
Current browser version is 125.0.6422.76 with binary path C:\Program Files\Google\Chrome\Application\chrome.exe
Build info: version: '3.141.59', revision: 'e82be7d358', time: '2018-11-14T08:25:53'
System info: host: 'THIMMU', ip: '192.168.29.65', os.name: 'Windows 11', os.arch: 'amd64', os.version: '10.0', java.version: '18.0.1.1'
Driver info: driver.version: ChromeDriver
remote stacktrace: GetHandleVerifier [0x00AC1673+52979]
(No symbol) [0x00A47961]
(No symbol) [0x0092DD3D]
(No symbol) [0x00959981]
(No symbol) [0x00958ED4]
(No symbol) [0x00954794]
(No symbol) [0x009512F9]
(No symbol) [0x0098D2B1]
(No symbol) [0x0098CE5A]
(No symbol) [0x00984286]
(No symbol) [0x0095C063]
(No symbol) [0x0095CECD]
GetHandleVerifier [0x00DD8D83+3294723]
GetHandleVerifier [0x00E16CC2+3548482]
GetHandleVerifier [0x00E11C9C+3527964]
GetHandleVerifier [0x00B5870E+671630]
(No symbol) [0x00A51EB4]
(No symbol) [0x00A4D808]
(No symbol) [0x00A4D92D]
(No symbol) [0x00A3F7E0]
BaseThreadInitThunk [0x75F27BA9+25]
RtlInitializeExceptionChain [0x7712BE3B+107]
RtlClearBits [0x7712BDBF+191]
]]>
            </message>
            <full-stacktrace>
              <![CDATA[org.openqa.selenium.SessionNotCreatedException: session not created: This version of ChromeDriver only supports Chrome version 121
Current browser version is 125.0.6422.76 with binary path C:\Program Files\Google\Chrome\Application\chrome.exe
Build info: version: '3.141.59', revision: 'e82be7d358', time: '2018-11-14T08:25:53'
System info: host: 'THIMMU', ip: '192.168.29.65', os.name: 'Windows 11', os.arch: 'amd64', os.version: '10.0', java.version: '18.0.1.1'
Driver info: driver.version: ChromeDriver
remote stacktrace: GetHandleVerifier [0x00AC1673+52979]
(No symbol) [0x00A47961]
(No symbol) [0x0092DD3D]
(No symbol) [0x00959981]
(No symbol) [0x00958ED4]
(No symbol) [0x00954794]
(No symbol) [0x009512F9]
(No symbol) [0x0098D2B1]
(No symbol) [0x0098CE5A]
(No symbol) [0x00984286]
(No symbol) [0x0095C063]
(No symbol) [0x0095CECD]
GetHandleVerifier [0x00DD8D83+3294723]
GetHandleVerifier [0x00E16CC2+3548482]
GetHandleVerifier [0x00E11C9C+3527964]
GetHandleVerifier [0x00B5870E+671630]
(No symbol) [0x00A51EB4]
(No symbol) [0x00A4D808]
(No symbol) [0x00A4D92D]
(No symbol) [0x00A3F7E0]
BaseThreadInitThunk [0x75F27BA9+25]
RtlInitializeExceptionChain [0x7712BE3B+107]
RtlClearBits [0x7712BDBF+191]

at java.base/jdk.internal.reflect.DirectConstructorHandleAccessor.newInstance(DirectConstructorHandleAccessor.java:67)
at java.base/java.lang.reflect.Constructor.newInstanceWithCaller(Constructor.java:499)
at java.base/java.lang.reflect.Constructor.newInstance(Constructor.java:483)
at org.openqa.selenium.remote.W3CHandshakeResponse.lambda$errorHandler$0(W3CHandshakeResponse.java:62)
at org.openqa.selenium.remote.HandshakeResponse.lambda$getResponseFunction$0(HandshakeResponse.java:30)
at org.openqa.selenium.remote.ProtocolHandshake.lambda$createSession$0(ProtocolHandshake.java:126)
at java.base/java.util.stream.ReferencePipeline$3$1.accept(ReferencePipeline.java:197)
at java.base/java.util.Spliterators$ArraySpliterator.tryAdvance(Spliterators.java:1002)
at java.base/java.util.stream.ReferencePipeline.forEachWithCancel(ReferencePipeline.java:129)
at java.base/java.util.stream.AbstractPipeline.copyIntoWithCancel(AbstractPipeline.java:527)
at java.base/java.util.stream.AbstractPipeline.copyInto(AbstractPipeline.java:513)
at java.base/java.util.stream.AbstractPipeline.wrapAndCopyInto(AbstractPipeline.java:499)
at java.base/java.util.stream.FindOps$FindOp.evaluateSequential(FindOps.java:150)
at java.base/java.util.stream.AbstractPipeline.evaluate(AbstractPipeline.java:234)
at java.base/java.util.stream.ReferencePipeline.findFirst(ReferencePipeline.java:647)
at org.openqa.selenium.remote.ProtocolHandshake.createSession(ProtocolHandshake.java:128)
at org.openqa.selenium.remote.ProtocolHandshake.createSession(ProtocolHandshake.java:74)
at org.openqa.selenium.remote.HttpCommandExecutor.execute(HttpCommandExecutor.java:136)
at org.openqa.selenium.remote.service.DriverCommandExecutor.execute(DriverCommandExecutor.java:83)
at org.openqa.selenium.remote.RemoteWebDriver.execute(RemoteWebDriver.java:552)
at org.openqa.selenium.remote.RemoteWebDriver.startSession(RemoteWebDriver.java:213)
at org.openqa.selenium.remote.RemoteWebDriver.<init>(RemoteWebDriver.java:131)
at org.openqa.selenium.chrome.ChromeDriver.<init>(ChromeDriver.java:181)
at org.openqa.selenium.chrome.ChromeDriver.<init>(ChromeDriver.java:168)
at org.openqa.selenium.chrome.ChromeDriver.<init>(ChromeDriver.java:123)
at utils.AppUtils.launchApp(AppUtils.java:20)
at java.base/jdk.internal.reflect.DirectMethodHandleAccessor.invoke(DirectMethodHandleAccessor.java:104)
at java.base/java.lang.reflect.Method.invoke(Method.java:577)
at org.testng.internal.MethodInvocationHelper.invokeMethod(MethodInvocationHelper.java:124)
at org.testng.internal.MethodInvocationHelper.invokeMethodConsideringTimeout(MethodInvocationHelper.java:59)
at org.testng.internal.Invoker.invokeConfigurationMethod(Invoker.java:458)
at org.testng.internal.Invoker.invokeConfigurations(Invoker.java:222)
at org.testng.internal.Invoker.invokeConfigurations(Invoker.java:142)
at org.testng.SuiteRunner.privateRun(SuiteRunner.java:401)
at org.testng.SuiteRunner.run(SuiteRunner.java:364)
at org.testng.SuiteRunnerWorker.runSuite(SuiteRunnerWorker.java:52)
at org.testng.SuiteRunnerWorker.run(SuiteRunnerWorker.java:84)
at org.testng.TestNG.runSuitesSequentially(TestNG.java:1208)
at org.testng.TestNG.runSuitesLocally(TestNG.java:1137)
at org.testng.TestNG.runSuites(TestNG.java:1049)
at org.testng.TestNG.run(TestNG.java:1017)
at org.testng.remote.AbstractRemoteTestNG.run(AbstractRemoteTestNG.java:115)
at org.testng.remote.RemoteTestNG.initAndRun(RemoteTestNG.java:251)
at org.testng.remote.RemoteTestNG.main(RemoteTestNG.java:77)
]]>
            </full-stacktrace>
          </exception> <!-- org.openqa.selenium.SessionNotCreatedException -->
          <reporter-output>
          </reporter-output>
        </test-method> <!-- CheckOrangeHRM -->
        <test-method is-config="true" signature="closeApp()[pri:0, instance:orangehrm.testcases.OrangeHRM_HybridTest@1349883]" started-at="2024-05-24T10:09:50Z" name="closeApp" finished-at="2024-05-24T10:09:50Z" duration-ms="0" status="SKIP">
          <reporter-output>
          </reporter-output>
        </test-method> <!-- closeApp -->
      </class> <!-- orangehrm.testcases.OrangeHRM_HybridTest -->
    </test> <!-- Default test -->
  </suite> <!-- Default suite -->
</testng-results>
